{"C:\\Users\\Arman Amaryan\\OneDrive\\Desktop\\node\\models\\author.js": {"path":"C:\\Users\\Arman Amaryan\\OneDrive\\Desktop\\node\\models\\author.js","statementMap":{"0":{"start":{"line":1,"column":17},"end":{"line":1,"column":36}},"1":{"start":{"line":2,"column":13},"end":{"line":2,"column":30}},"2":{"start":{"line":4,"column":21},"end":{"line":9,"column":2}},"3":{"start":{"line":11,"column":0},"end":{"line":21,"column":2}},"4":{"start":{"line":12,"column":4},"end":{"line":20,"column":6}},"5":{"start":{"line":13,"column":8},"end":{"line":19,"column":9}},"6":{"start":{"line":14,"column":12},"end":{"line":14,"column":21}},"7":{"start":{"line":15,"column":15},"end":{"line":19,"column":9}},"8":{"start":{"line":16,"column":12},"end":{"line":16,"column":58}},"9":{"start":{"line":18,"column":12},"end":{"line":18,"column":18}},"10":{"start":{"line":23,"column":0},"end":{"line":23,"column":55}}},"fnMap":{"0":{"name":"(anonymous_0)","decl":{"start":{"line":11,"column":27},"end":{"line":11,"column":28}},"loc":{"start":{"line":11,"column":42},"end":{"line":21,"column":1}},"line":11},"1":{"name":"(anonymous_1)","decl":{"start":{"line":12,"column":35},"end":{"line":12,"column":36}},"loc":{"start":{"line":12,"column":51},"end":{"line":20,"column":5}},"line":12}},"branchMap":{"0":{"loc":{"start":{"line":13,"column":8},"end":{"line":19,"column":9}},"type":"if","locations":[{"start":{"line":13,"column":8},"end":{"line":19,"column":9}},{"start":{"line":15,"column":15},"end":{"line":19,"column":9}}],"line":13},"1":{"loc":{"start":{"line":15,"column":15},"end":{"line":19,"column":9}},"type":"if","locations":[{"start":{"line":15,"column":15},"end":{"line":19,"column":9}},{"start":{"line":17,"column":15},"end":{"line":19,"column":9}}],"line":15}},"s":{"0":1,"1":1,"2":1,"3":1,"4":0,"5":0,"6":0,"7":0,"8":0,"9":0,"10":1},"f":{"0":0,"1":0},"b":{"0":[0,0],"1":[0,0]},"_coverageSchema":"1a1c01bbd47fc00a2c39e90264f33305004495a9","hash":"b1738d797c4f3240e8d21dbc169e4e7f993abd7e"}
,"C:\\Users\\Arman Amaryan\\OneDrive\\Desktop\\node\\models\\book.js": {"path":"C:\\Users\\Arman Amaryan\\OneDrive\\Desktop\\node\\models\\book.js","statementMap":{"0":{"start":{"line":1,"column":17},"end":{"line":1,"column":36}},"1":{"start":{"line":3,"column":19},"end":{"line":37,"column":2}},"2":{"start":{"line":39,"column":0},"end":{"line":43,"column":2}},"3":{"start":{"line":40,"column":4},"end":{"line":42,"column":5}},"4":{"start":{"line":41,"column":8},"end":{"line":41,"column":103}},"5":{"start":{"line":45,"column":0},"end":{"line":45,"column":51}}},"fnMap":{"0":{"name":"(anonymous_0)","decl":{"start":{"line":39,"column":41},"end":{"line":39,"column":42}},"loc":{"start":{"line":39,"column":52},"end":{"line":43,"column":1}},"line":39}},"branchMap":{"0":{"loc":{"start":{"line":40,"column":4},"end":{"line":42,"column":5}},"type":"if","locations":[{"start":{"line":40,"column":4},"end":{"line":42,"column":5}},{"start":{},"end":{}}],"line":40},"1":{"loc":{"start":{"line":40,"column":8},"end":{"line":40,"column":62}},"type":"binary-expr","locations":[{"start":{"line":40,"column":8},"end":{"line":40,"column":31}},{"start":{"line":40,"column":35},"end":{"line":40,"column":62}}],"line":40}},"s":{"0":1,"1":1,"2":1,"3":0,"4":0,"5":1},"f":{"0":0},"b":{"0":[0,0],"1":[0,0]},"_coverageSchema":"1a1c01bbd47fc00a2c39e90264f33305004495a9","hash":"e887119e88c293c186a30167aece37839520818e"}
,"C:\\Users\\Arman Amaryan\\OneDrive\\Desktop\\node\\routes\\authors.js": {"path":"C:\\Users\\Arman Amaryan\\OneDrive\\Desktop\\node\\routes\\authors.js","statementMap":{"0":{"start":{"line":1,"column":16},"end":{"line":1,"column":34}},"1":{"start":{"line":2,"column":15},"end":{"line":2,"column":31}},"2":{"start":{"line":3,"column":15},"end":{"line":3,"column":42}},"3":{"start":{"line":4,"column":13},"end":{"line":4,"column":38}},"4":{"start":{"line":7,"column":0},"end":{"line":20,"column":2}},"5":{"start":{"line":8,"column":24},"end":{"line":8,"column":26}},"6":{"start":{"line":9,"column":4},"end":{"line":11,"column":5}},"7":{"start":{"line":10,"column":8},"end":{"line":10,"column":60}},"8":{"start":{"line":12,"column":4},"end":{"line":19,"column":5}},"9":{"start":{"line":13,"column":24},"end":{"line":13,"column":56}},"10":{"start":{"line":14,"column":8},"end":{"line":16,"column":38}},"11":{"start":{"line":18,"column":8},"end":{"line":18,"column":25}},"12":{"start":{"line":23,"column":0},"end":{"line":25,"column":2}},"13":{"start":{"line":24,"column":4},"end":{"line":24,"column":54}},"14":{"start":{"line":28,"column":0},"end":{"line":42,"column":2}},"15":{"start":{"line":29,"column":19},"end":{"line":31,"column":6}},"16":{"start":{"line":32,"column":4},"end":{"line":41,"column":5}},"17":{"start":{"line":33,"column":26},"end":{"line":33,"column":45}},"18":{"start":{"line":34,"column":8},"end":{"line":34,"column":47}},"19":{"start":{"line":37,"column":8},"end":{"line":40,"column":10}},"20":{"start":{"line":44,"column":0},"end":{"line":55,"column":2}},"21":{"start":{"line":45,"column":4},"end":{"line":54,"column":5}},"22":{"start":{"line":46,"column":23},"end":{"line":46,"column":59}},"23":{"start":{"line":47,"column":22},"end":{"line":47,"column":75}},"24":{"start":{"line":48,"column":8},"end":{"line":51,"column":10}},"25":{"start":{"line":53,"column":8},"end":{"line":53,"column":25}},"26":{"start":{"line":57,"column":0},"end":{"line":64,"column":2}},"27":{"start":{"line":58,"column":4},"end":{"line":63,"column":5}},"28":{"start":{"line":59,"column":23},"end":{"line":59,"column":59}},"29":{"start":{"line":60,"column":8},"end":{"line":60,"column":54}},"30":{"start":{"line":62,"column":8},"end":{"line":62,"column":32}},"31":{"start":{"line":66,"column":0},"end":{"line":84,"column":2}},"32":{"start":{"line":68,"column":4},"end":{"line":83,"column":5}},"33":{"start":{"line":69,"column":8},"end":{"line":69,"column":53}},"34":{"start":{"line":70,"column":8},"end":{"line":70,"column":35}},"35":{"start":{"line":71,"column":8},"end":{"line":71,"column":27}},"36":{"start":{"line":72,"column":8},"end":{"line":72,"column":45}},"37":{"start":{"line":75,"column":8},"end":{"line":82,"column":9}},"38":{"start":{"line":76,"column":12},"end":{"line":76,"column":29}},"39":{"start":{"line":78,"column":12},"end":{"line":81,"column":17}},"40":{"start":{"line":86,"column":0},"end":{"line":100,"column":2}},"41":{"start":{"line":88,"column":4},"end":{"line":99,"column":5}},"42":{"start":{"line":89,"column":8},"end":{"line":89,"column":53}},"43":{"start":{"line":90,"column":8},"end":{"line":90,"column":29}},"44":{"start":{"line":91,"column":8},"end":{"line":91,"column":33}},"45":{"start":{"line":94,"column":8},"end":{"line":98,"column":9}},"46":{"start":{"line":95,"column":12},"end":{"line":95,"column":29}},"47":{"start":{"line":97,"column":12},"end":{"line":97,"column":49}},"48":{"start":{"line":102,"column":0},"end":{"line":102,"column":23}}},"fnMap":{"0":{"name":"(anonymous_0)","decl":{"start":{"line":7,"column":16},"end":{"line":7,"column":17}},"loc":{"start":{"line":7,"column":36},"end":{"line":20,"column":1}},"line":7},"1":{"name":"(anonymous_1)","decl":{"start":{"line":23,"column":19},"end":{"line":23,"column":20}},"loc":{"start":{"line":23,"column":32},"end":{"line":25,"column":1}},"line":23},"2":{"name":"(anonymous_2)","decl":{"start":{"line":28,"column":17},"end":{"line":28,"column":18}},"loc":{"start":{"line":28,"column":36},"end":{"line":42,"column":1}},"line":28},"3":{"name":"(anonymous_3)","decl":{"start":{"line":44,"column":19},"end":{"line":44,"column":20}},"loc":{"start":{"line":44,"column":39},"end":{"line":55,"column":1}},"line":44},"4":{"name":"(anonymous_4)","decl":{"start":{"line":57,"column":24},"end":{"line":57,"column":25}},"loc":{"start":{"line":57,"column":44},"end":{"line":64,"column":1}},"line":57},"5":{"name":"(anonymous_5)","decl":{"start":{"line":66,"column":19},"end":{"line":66,"column":20}},"loc":{"start":{"line":66,"column":39},"end":{"line":84,"column":1}},"line":66},"6":{"name":"(anonymous_6)","decl":{"start":{"line":86,"column":22},"end":{"line":86,"column":23}},"loc":{"start":{"line":86,"column":42},"end":{"line":100,"column":1}},"line":86}},"branchMap":{"0":{"loc":{"start":{"line":9,"column":4},"end":{"line":11,"column":5}},"type":"if","locations":[{"start":{"line":9,"column":4},"end":{"line":11,"column":5}},{"start":{},"end":{}}],"line":9},"1":{"loc":{"start":{"line":9,"column":7},"end":{"line":9,"column":54}},"type":"binary-expr","locations":[{"start":{"line":9,"column":7},"end":{"line":9,"column":29}},{"start":{"line":9,"column":33},"end":{"line":9,"column":54}}],"line":9},"2":{"loc":{"start":{"line":75,"column":8},"end":{"line":82,"column":9}},"type":"if","locations":[{"start":{"line":75,"column":8},"end":{"line":82,"column":9}},{"start":{"line":77,"column":15},"end":{"line":82,"column":9}}],"line":75},"3":{"loc":{"start":{"line":94,"column":8},"end":{"line":98,"column":9}},"type":"if","locations":[{"start":{"line":94,"column":8},"end":{"line":98,"column":9}},{"start":{"line":96,"column":15},"end":{"line":98,"column":9}}],"line":94}},"s":{"0":1,"1":1,"2":1,"3":1,"4":1,"5":0,"6":0,"7":0,"8":0,"9":0,"10":0,"11":0,"12":1,"13":0,"14":1,"15":0,"16":0,"17":0,"18":0,"19":0,"20":1,"21":0,"22":0,"23":0,"24":0,"25":0,"26":1,"27":0,"28":0,"29":0,"30":0,"31":1,"32":0,"33":0,"34":0,"35":0,"36":0,"37":0,"38":0,"39":0,"40":1,"41":0,"42":0,"43":0,"44":0,"45":0,"46":0,"47":0,"48":1},"f":{"0":0,"1":0,"2":0,"3":0,"4":0,"5":0,"6":0},"b":{"0":[0,0],"1":[0,0],"2":[0,0],"3":[0,0]},"_coverageSchema":"1a1c01bbd47fc00a2c39e90264f33305004495a9","hash":"edbe4a6a198f6ab7aa988532cb97fce66f00e2b7"}
,"C:\\Users\\Arman Amaryan\\OneDrive\\Desktop\\node\\routes\\books.js": {"path":"C:\\Users\\Arman Amaryan\\OneDrive\\Desktop\\node\\routes\\books.js","statementMap":{"0":{"start":{"line":1,"column":16},"end":{"line":1,"column":34}},"1":{"start":{"line":2,"column":15},"end":{"line":2,"column":31}},"2":{"start":{"line":4,"column":13},"end":{"line":4,"column":38}},"3":{"start":{"line":5,"column":15},"end":{"line":5,"column":42}},"4":{"start":{"line":6,"column":23},"end":{"line":6,"column":63}},"5":{"start":{"line":9,"column":0},"end":{"line":29,"column":2}},"6":{"start":{"line":10,"column":16},"end":{"line":10,"column":27}},"7":{"start":{"line":11,"column":4},"end":{"line":13,"column":5}},"8":{"start":{"line":12,"column":8},"end":{"line":12,"column":70}},"9":{"start":{"line":14,"column":4},"end":{"line":16,"column":5}},"10":{"start":{"line":15,"column":8},"end":{"line":15,"column":67}},"11":{"start":{"line":17,"column":4},"end":{"line":19,"column":5}},"12":{"start":{"line":18,"column":8},"end":{"line":18,"column":66}},"13":{"start":{"line":20,"column":4},"end":{"line":28,"column":5}},"14":{"start":{"line":21,"column":22},"end":{"line":21,"column":40}},"15":{"start":{"line":22,"column":8},"end":{"line":25,"column":10}},"16":{"start":{"line":27,"column":8},"end":{"line":27,"column":25}},"17":{"start":{"line":32,"column":0},"end":{"line":34,"column":2}},"18":{"start":{"line":33,"column":4},"end":{"line":33,"column":34}},"19":{"start":{"line":37,"column":0},"end":{"line":53,"column":2}},"20":{"start":{"line":38,"column":17},"end":{"line":44,"column":6}},"21":{"start":{"line":45,"column":4},"end":{"line":45,"column":35}},"22":{"start":{"line":47,"column":4},"end":{"line":52,"column":5}},"23":{"start":{"line":48,"column":24},"end":{"line":48,"column":41}},"24":{"start":{"line":49,"column":10},"end":{"line":49,"column":45}},"25":{"start":{"line":51,"column":9},"end":{"line":51,"column":39}},"26":{"start":{"line":57,"column":0},"end":{"line":64,"column":2}},"27":{"start":{"line":58,"column":4},"end":{"line":63,"column":5}},"28":{"start":{"line":59,"column":21},"end":{"line":59,"column":81}},"29":{"start":{"line":60,"column":8},"end":{"line":60,"column":48}},"30":{"start":{"line":62,"column":8},"end":{"line":62,"column":25}},"31":{"start":{"line":67,"column":0},"end":{"line":74,"column":2}},"32":{"start":{"line":68,"column":4},"end":{"line":73,"column":5}},"33":{"start":{"line":69,"column":21},"end":{"line":69,"column":55}},"34":{"start":{"line":70,"column":8},"end":{"line":70,"column":33}},"35":{"start":{"line":72,"column":8},"end":{"line":72,"column":25}},"36":{"start":{"line":77,"column":0},"end":{"line":99,"column":2}},"37":{"start":{"line":80,"column":4},"end":{"line":98,"column":5}},"38":{"start":{"line":81,"column":8},"end":{"line":81,"column":49}},"39":{"start":{"line":82,"column":8},"end":{"line":82,"column":35}},"40":{"start":{"line":83,"column":8},"end":{"line":83,"column":37}},"41":{"start":{"line":84,"column":8},"end":{"line":84,"column":57}},"42":{"start":{"line":85,"column":8},"end":{"line":85,"column":43}},"43":{"start":{"line":86,"column":8},"end":{"line":86,"column":47}},"44":{"start":{"line":87,"column":8},"end":{"line":89,"column":9}},"45":{"start":{"line":88,"column":12},"end":{"line":88,"column":43}},"46":{"start":{"line":90,"column":8},"end":{"line":90,"column":25}},"47":{"start":{"line":91,"column":8},"end":{"line":91,"column":41}},"48":{"start":{"line":93,"column":8},"end":{"line":97,"column":9}},"49":{"start":{"line":94,"column":12},"end":{"line":94,"column":43}},"50":{"start":{"line":96,"column":12},"end":{"line":96,"column":29}},"51":{"start":{"line":102,"column":0},"end":{"line":118,"column":2}},"52":{"start":{"line":104,"column":4},"end":{"line":117,"column":5}},"53":{"start":{"line":105,"column":8},"end":{"line":105,"column":49}},"54":{"start":{"line":106,"column":8},"end":{"line":106,"column":27}},"55":{"start":{"line":107,"column":8},"end":{"line":107,"column":30}},"56":{"start":{"line":109,"column":8},"end":{"line":116,"column":9}},"57":{"start":{"line":110,"column":12},"end":{"line":113,"column":14}},"58":{"start":{"line":115,"column":12},"end":{"line":115,"column":29}},"59":{"start":{"line":121,"column":4},"end":{"line":121,"column":46}},"60":{"start":{"line":125,"column":4},"end":{"line":125,"column":47}},"61":{"start":{"line":129,"column":4},"end":{"line":145,"column":5}},"62":{"start":{"line":130,"column":24},"end":{"line":130,"column":45}},"63":{"start":{"line":131,"column":24},"end":{"line":134,"column":9}},"64":{"start":{"line":135,"column":8},"end":{"line":141,"column":9}},"65":{"start":{"line":136,"column":12},"end":{"line":140,"column":13}},"66":{"start":{"line":137,"column":16},"end":{"line":137,"column":59}},"67":{"start":{"line":139,"column":16},"end":{"line":139,"column":59}},"68":{"start":{"line":142,"column":8},"end":{"line":142,"column":43}},"69":{"start":{"line":144,"column":8},"end":{"line":144,"column":30}},"70":{"start":{"line":149,"column":4},"end":{"line":149,"column":36}},"71":{"start":{"line":149,"column":30},"end":{"line":149,"column":36}},"72":{"start":{"line":150,"column":18},"end":{"line":150,"column":42}},"73":{"start":{"line":151,"column":4},"end":{"line":154,"column":5}},"74":{"start":{"line":152,"column":8},"end":{"line":152,"column":63}},"75":{"start":{"line":153,"column":8},"end":{"line":153,"column":40}},"76":{"start":{"line":157,"column":0},"end":{"line":157,"column":23}}},"fnMap":{"0":{"name":"(anonymous_0)","decl":{"start":{"line":9,"column":16},"end":{"line":9,"column":17}},"loc":{"start":{"line":9,"column":36},"end":{"line":29,"column":1}},"line":9},"1":{"name":"(anonymous_1)","decl":{"start":{"line":32,"column":19},"end":{"line":32,"column":20}},"loc":{"start":{"line":32,"column":38},"end":{"line":34,"column":1}},"line":32},"2":{"name":"(anonymous_2)","decl":{"start":{"line":37,"column":17},"end":{"line":37,"column":18}},"loc":{"start":{"line":37,"column":37},"end":{"line":53,"column":1}},"line":37},"3":{"name":"(anonymous_3)","decl":{"start":{"line":57,"column":19},"end":{"line":57,"column":20}},"loc":{"start":{"line":57,"column":38},"end":{"line":64,"column":1}},"line":57},"4":{"name":"(anonymous_4)","decl":{"start":{"line":67,"column":24},"end":{"line":67,"column":25}},"loc":{"start":{"line":67,"column":43},"end":{"line":74,"column":1}},"line":67},"5":{"name":"(anonymous_5)","decl":{"start":{"line":77,"column":19},"end":{"line":77,"column":20}},"loc":{"start":{"line":77,"column":39},"end":{"line":99,"column":1}},"line":77},"6":{"name":"(anonymous_6)","decl":{"start":{"line":102,"column":22},"end":{"line":102,"column":23}},"loc":{"start":{"line":102,"column":42},"end":{"line":118,"column":1}},"line":102},"7":{"name":"renderNewPage","decl":{"start":{"line":120,"column":15},"end":{"line":120,"column":28}},"loc":{"start":{"line":120,"column":58},"end":{"line":122,"column":1}},"line":120},"8":{"name":"renderEditPage","decl":{"start":{"line":124,"column":15},"end":{"line":124,"column":29}},"loc":{"start":{"line":124,"column":59},"end":{"line":126,"column":1}},"line":124},"9":{"name":"renderFormPage","decl":{"start":{"line":128,"column":15},"end":{"line":128,"column":29}},"loc":{"start":{"line":128,"column":65},"end":{"line":146,"column":1}},"line":128},"10":{"name":"saveCover","decl":{"start":{"line":148,"column":9},"end":{"line":148,"column":18}},"loc":{"start":{"line":148,"column":39},"end":{"line":155,"column":1}},"line":148}},"branchMap":{"0":{"loc":{"start":{"line":11,"column":4},"end":{"line":13,"column":5}},"type":"if","locations":[{"start":{"line":11,"column":4},"end":{"line":13,"column":5}},{"start":{},"end":{}}],"line":11},"1":{"loc":{"start":{"line":11,"column":8},"end":{"line":11,"column":56}},"type":"binary-expr","locations":[{"start":{"line":11,"column":8},"end":{"line":11,"column":31}},{"start":{"line":11,"column":35},"end":{"line":11,"column":56}}],"line":11},"2":{"loc":{"start":{"line":14,"column":4},"end":{"line":16,"column":5}},"type":"if","locations":[{"start":{"line":14,"column":4},"end":{"line":16,"column":5}},{"start":{},"end":{}}],"line":14},"3":{"loc":{"start":{"line":14,"column":8},"end":{"line":14,"column":76}},"type":"binary-expr","locations":[{"start":{"line":14,"column":8},"end":{"line":14,"column":41}},{"start":{"line":14,"column":45},"end":{"line":14,"column":76}}],"line":14},"4":{"loc":{"start":{"line":17,"column":4},"end":{"line":19,"column":5}},"type":"if","locations":[{"start":{"line":17,"column":4},"end":{"line":19,"column":5}},{"start":{},"end":{}}],"line":17},"5":{"loc":{"start":{"line":17,"column":8},"end":{"line":17,"column":74}},"type":"binary-expr","locations":[{"start":{"line":17,"column":8},"end":{"line":17,"column":40}},{"start":{"line":17,"column":44},"end":{"line":17,"column":74}}],"line":17},"6":{"loc":{"start":{"line":87,"column":8},"end":{"line":89,"column":9}},"type":"if","locations":[{"start":{"line":87,"column":8},"end":{"line":89,"column":9}},{"start":{},"end":{}}],"line":87},"7":{"loc":{"start":{"line":87,"column":12},"end":{"line":87,"column":59}},"type":"binary-expr","locations":[{"start":{"line":87,"column":12},"end":{"line":87,"column":34}},{"start":{"line":87,"column":38},"end":{"line":87,"column":59}}],"line":87},"8":{"loc":{"start":{"line":93,"column":8},"end":{"line":97,"column":9}},"type":"if","locations":[{"start":{"line":93,"column":8},"end":{"line":97,"column":9}},{"start":{"line":95,"column":15},"end":{"line":97,"column":9}}],"line":93},"9":{"loc":{"start":{"line":109,"column":8},"end":{"line":116,"column":9}},"type":"if","locations":[{"start":{"line":109,"column":8},"end":{"line":116,"column":9}},{"start":{"line":114,"column":15},"end":{"line":116,"column":9}}],"line":109},"10":{"loc":{"start":{"line":120,"column":40},"end":{"line":120,"column":56}},"type":"default-arg","locations":[{"start":{"line":120,"column":51},"end":{"line":120,"column":56}}],"line":120},"11":{"loc":{"start":{"line":124,"column":41},"end":{"line":124,"column":57}},"type":"default-arg","locations":[{"start":{"line":124,"column":52},"end":{"line":124,"column":57}}],"line":124},"12":{"loc":{"start":{"line":128,"column":47},"end":{"line":128,"column":63}},"type":"default-arg","locations":[{"start":{"line":128,"column":58},"end":{"line":128,"column":63}}],"line":128},"13":{"loc":{"start":{"line":135,"column":8},"end":{"line":141,"column":9}},"type":"if","locations":[{"start":{"line":135,"column":8},"end":{"line":141,"column":9}},{"start":{},"end":{}}],"line":135},"14":{"loc":{"start":{"line":136,"column":12},"end":{"line":140,"column":13}},"type":"if","locations":[{"start":{"line":136,"column":12},"end":{"line":140,"column":13}},{"start":{"line":138,"column":19},"end":{"line":140,"column":13}}],"line":136},"15":{"loc":{"start":{"line":149,"column":4},"end":{"line":149,"column":36}},"type":"if","locations":[{"start":{"line":149,"column":4},"end":{"line":149,"column":36}},{"start":{},"end":{}}],"line":149},"16":{"loc":{"start":{"line":151,"column":4},"end":{"line":154,"column":5}},"type":"if","locations":[{"start":{"line":151,"column":4},"end":{"line":154,"column":5}},{"start":{},"end":{}}],"line":151},"17":{"loc":{"start":{"line":151,"column":8},"end":{"line":151,"column":60}},"type":"binary-expr","locations":[{"start":{"line":151,"column":8},"end":{"line":151,"column":21}},{"start":{"line":151,"column":25},"end":{"line":151,"column":60}}],"line":151}},"s":{"0":1,"1":1,"2":1,"3":1,"4":1,"5":1,"6":0,"7":0,"8":0,"9":0,"10":0,"11":0,"12":0,"13":0,"14":0,"15":0,"16":0,"17":1,"18":0,"19":1,"20":0,"21":0,"22":0,"23":0,"24":0,"25":0,"26":1,"27":0,"28":0,"29":0,"30":0,"31":1,"32":0,"33":0,"34":0,"35":0,"36":1,"37":0,"38":0,"39":0,"40":0,"41":0,"42":0,"43":0,"44":0,"45":0,"46":0,"47":0,"48":0,"49":0,"50":0,"51":1,"52":0,"53":0,"54":0,"55":0,"56":0,"57":0,"58":0,"59":0,"60":0,"61":0,"62":0,"63":0,"64":0,"65":0,"66":0,"67":0,"68":0,"69":0,"70":0,"71":0,"72":0,"73":0,"74":0,"75":0,"76":1},"f":{"0":0,"1":0,"2":0,"3":0,"4":0,"5":0,"6":0,"7":0,"8":0,"9":0,"10":0},"b":{"0":[0,0],"1":[0,0],"2":[0,0],"3":[0,0],"4":[0,0],"5":[0,0],"6":[0,0],"7":[0,0],"8":[0,0],"9":[0,0],"10":[0],"11":[0],"12":[0],"13":[0,0],"14":[0,0],"15":[0,0],"16":[0,0],"17":[0,0]},"_coverageSchema":"1a1c01bbd47fc00a2c39e90264f33305004495a9","hash":"4a5583582928b171aa1f56bc0e4904c9227b461f"}
}
