TN:
SF:models\author.js
FN:11,(anonymous_0)
FN:12,(anonymous_1)
FNF:2
FNH:0
FNDA:0,(anonymous_0)
FNDA:0,(anonymous_1)
DA:1,1
DA:2,1
DA:4,1
DA:11,1
DA:12,0
DA:13,0
DA:14,0
DA:15,0
DA:16,0
DA:18,0
DA:23,1
LF:11
LH:5
BRDA:13,0,0,0
BRDA:13,0,1,0
BRDA:15,1,0,0
BRDA:15,1,1,0
BRF:4
BRH:0
end_of_record
TN:
SF:models\book.js
FN:39,(anonymous_0)
FNF:1
FNH:0
FNDA:0,(anonymous_0)
DA:1,1
DA:3,1
DA:39,1
DA:40,0
DA:41,0
DA:45,1
LF:6
LH:4
BRDA:40,0,0,0
BRDA:40,0,1,0
BRDA:40,1,0,0
BRDA:40,1,1,0
BRF:4
BRH:0
end_of_record
TN:
SF:routes\authors.js
FN:7,(anonymous_0)
FN:23,(anonymous_1)
FN:28,(anonymous_2)
FN:44,(anonymous_3)
FN:57,(anonymous_4)
FN:66,(anonymous_5)
FN:86,(anonymous_6)
FNF:7
FNH:0
FNDA:0,(anonymous_0)
FNDA:0,(anonymous_1)
FNDA:0,(anonymous_2)
FNDA:0,(anonymous_3)
FNDA:0,(anonymous_4)
FNDA:0,(anonymous_5)
FNDA:0,(anonymous_6)
DA:1,1
DA:2,1
DA:3,1
DA:4,1
DA:7,1
DA:8,0
DA:9,0
DA:10,0
DA:12,0
DA:13,0
DA:14,0
DA:18,0
DA:23,1
DA:24,0
DA:28,1
DA:29,0
DA:32,0
DA:33,0
DA:34,0
DA:37,0
DA:44,1
DA:45,0
DA:46,0
DA:47,0
DA:48,0
DA:53,0
DA:57,1
DA:58,0
DA:59,0
DA:60,0
DA:62,0
DA:66,1
DA:68,0
DA:69,0
DA:70,0
DA:71,0
DA:72,0
DA:75,0
DA:76,0
DA:78,0
DA:86,1
DA:88,0
DA:89,0
DA:90,0
DA:91,0
DA:94,0
DA:95,0
DA:97,0
DA:102,1
LF:49
LH:12
BRDA:9,0,0,0
BRDA:9,0,1,0
BRDA:9,1,0,0
BRDA:9,1,1,0
BRDA:75,2,0,0
BRDA:75,2,1,0
BRDA:94,3,0,0
BRDA:94,3,1,0
BRF:8
BRH:0
end_of_record
TN:
SF:routes\books.js
FN:9,(anonymous_0)
FN:32,(anonymous_1)
FN:37,(anonymous_2)
FN:57,(anonymous_3)
FN:67,(anonymous_4)
FN:77,(anonymous_5)
FN:102,(anonymous_6)
FN:120,renderNewPage
FN:124,renderEditPage
FN:128,renderFormPage
FN:148,saveCover
FNF:11
FNH:0
FNDA:0,(anonymous_0)
FNDA:0,(anonymous_1)
FNDA:0,(anonymous_2)
FNDA:0,(anonymous_3)
FNDA:0,(anonymous_4)
FNDA:0,(anonymous_5)
FNDA:0,(anonymous_6)
FNDA:0,renderNewPage
FNDA:0,renderEditPage
FNDA:0,renderFormPage
FNDA:0,saveCover
DA:1,1
DA:2,1
DA:4,1
DA:5,1
DA:6,1
DA:9,1
DA:10,0
DA:11,0
DA:12,0
DA:14,0
DA:15,0
DA:17,0
DA:18,0
DA:20,0
DA:21,0
DA:22,0
DA:27,0
DA:32,1
DA:33,0
DA:37,1
DA:38,0
DA:45,0
DA:47,0
DA:48,0
DA:49,0
DA:51,0
DA:57,1
DA:58,0
DA:59,0
DA:60,0
DA:62,0
DA:67,1
DA:68,0
DA:69,0
DA:70,0
DA:72,0
DA:77,1
DA:80,0
DA:81,0
DA:82,0
DA:83,0
DA:84,0
DA:85,0
DA:86,0
DA:87,0
DA:88,0
DA:90,0
DA:91,0
DA:93,0
DA:94,0
DA:96,0
DA:102,1
DA:104,0
DA:105,0
DA:106,0
DA:107,0
DA:109,0
DA:110,0
DA:115,0
DA:121,0
DA:125,0
DA:129,0
DA:130,0
DA:131,0
DA:135,0
DA:136,0
DA:137,0
DA:139,0
DA:142,0
DA:144,0
DA:149,0
DA:150,0
DA:151,0
DA:152,0
DA:153,0
DA:157,1
LF:76
LH:13
BRDA:11,0,0,0
BRDA:11,0,1,0
BRDA:11,1,0,0
BRDA:11,1,1,0
BRDA:14,2,0,0
BRDA:14,2,1,0
BRDA:14,3,0,0
BRDA:14,3,1,0
BRDA:17,4,0,0
BRDA:17,4,1,0
BRDA:17,5,0,0
BRDA:17,5,1,0
BRDA:87,6,0,0
BRDA:87,6,1,0
BRDA:87,7,0,0
BRDA:87,7,1,0
BRDA:93,8,0,0
BRDA:93,8,1,0
BRDA:109,9,0,0
BRDA:109,9,1,0
BRDA:120,10,0,0
BRDA:124,11,0,0
BRDA:128,12,0,0
BRDA:135,13,0,0
BRDA:135,13,1,0
BRDA:136,14,0,0
BRDA:136,14,1,0
BRDA:149,15,0,0
BRDA:149,15,1,0
BRDA:151,16,0,0
BRDA:151,16,1,0
BRDA:151,17,0,0
BRDA:151,17,1,0
BRF:33
BRH:0
end_of_record
